Base path: /Applications/Unity/Unity.app/Contents
Pipe name: \\.\pipe\UnityShaderCompiler-4--1334009856
Cmd: getPlatforms
Cmd: compileSnippet
  error: 2 plat 4 at (38): syntax error: unexpected token 'f'
  api=4 type=0 insize=946 outsize=0 kw= ok=0
Cmd: compileSnippet
  api=1 type=1 insize=946 outsize=208 kw= ok=1
Cmd: compileSnippet
  api=1 type=1 insize=1027 outsize=71 kw= ok=1
Cmd: compileSnippet
  api=1 type=0 insize=15469 outsize=237 kw= ok=1
Cmd: compileSnippet
  error: 2 plat 4 at (79): syntax error: unexpected token 'f'
  error: 2 plat 4 at (155): syntax error: unexpected token 'f'
  error: 2 plat 4 at (174): syntax error: unexpected token 'f'
  error: 2 plat 4 at (214): 'pow': no matching 2 parameter intrinsic function; Possible intrinsic functions are: pow(float|half|min10float|min16float, float|half|min10float|min16float)
  error: 2 plat 4 at (214): syntax error: unexpected token 'f'
  api=4 type=1 insize=15469 outsize=0 kw= ok=0
Cmd: compileSnippet
  api=1 type=1 insize=945 outsize=208 kw= ok=1
Cmd: compileSnippet
  error: 2 plat 4 at (79): syntax error: unexpected token 'f'
  error: 2 plat 4 at (174): syntax error: unexpected token 'f'
  error: 2 plat 4 at (214): 'pow': no matching 2 parameter intrinsic function; Possible intrinsic functions are: pow(float|half|min10float|min16float, float|half|min10float|min16float)
  error: 2 plat 4 at (214): syntax error: unexpected token 'f'
  api=4 type=0 insize=15468 outsize=0 kw= ok=0
Cmd: compileSnippet
  error: 2 plat 4 at (79): syntax error: unexpected token 'f'
  error: 2 plat 4 at (174): syntax error: unexpected token 'f'
  error: 2 plat 4 at (214): 'pow': no matching 2 parameter intrinsic function; Possible intrinsic functions are: pow(float|half|min10float|min16float, float|half|min10float|min16float)
  error: 2 plat 4 at (214): syntax error: unexpected token 'f'
  api=4 type=1 insize=15468 outsize=0 kw= ok=0
Cmd: compileSnippet
  api=1 type=0 insize=15458 outsize=237 kw= ok=1
Cmd: compileSnippet
  api=4 type=0 insize=15458 outsize=1055 kw= ok=1
End of pipe

Quitting shader compiler process
