Base path: /Applications/Unity/Unity.app/Contents
Pipe name: \\.\pipe\UnityShaderCompiler-64bit-1-2044752656
Cmd: getPlatforms
Cmd: preprocess
  insize=955 outsize=434 ok=1
Cmd: preprocess
  insize=381 outsize=378 ok=1
Cmd: preprocess
  insize=16544 outsize=1308 ok=1
Cmd: compileSnippet
  error: 2 plat 0 at (269): 'switch' : Reserved word. 'switch' : syntax error syntax error\nCompiling Vertex program
  api=0 type=0 insize=15537 outsize=0 kw= ok=0
Cmd: preprocess
  insize=1196 outsize=395 ok=1
Cmd: preprocess
  insize=1456 outsize=434 ok=1
Cmd: preprocess
  insize=7813 outsize=659 ok=1
Cmd: preprocess
  insize=956 outsize=435 ok=1
Cmd: preprocess
  insize=8037 outsize=876 ok=1
Cmd: compileSnippet
  error: 2 plat 0 at (137): 'switch' : Reserved word. 'switch' : syntax error syntax error\nCompiling Vertex program
  api=0 type=0 insize=7461 outsize=0 kw= ok=0
Cmd: preprocess
  insize=63 outsize=60 ok=1
Cmd: preprocess
  insize=1240 outsize=541 ok=1
Cmd: preprocess
  insize=609 outsize=606 ok=1
Cmd: preprocess
  insize=306 outsize=303 ok=1
Cmd: preprocess
  insize=1586 outsize=249 ok=1
Cmd: preprocess
  insize=1156 outsize=426 ok=1
Cmd: preprocess
  insize=16540 outsize=1304 ok=1
Cmd: compileSnippet
  error: 2 plat 0 at (269): 'switch' : Reserved word. 'switch' : syntax error syntax error\nCompiling Vertex program
  api=0 type=0 insize=15537 outsize=0 kw= ok=0
Cmd: preprocess
  insize=1725 outsize=1007 ok=1
Cmd: preprocess
  insize=780 outsize=281 ok=1
