Base path: /Applications/Unity/Unity.app/Contents
Pipe name: \\.\pipe\UnityShaderCompiler-1--1593437784
Cmd: getPlatforms
Cmd: preprocess
  insize=6144 outsize=1143 ok=1
Cmd: compileSnippet
  api=0 type=0 insize=5301 outsize=329 kw= ok=1
Cmd: compileSnippet
  api=0 type=1 insize=5301 outsize=3018 kw= ok=1
Cmd: preprocess
  insize=6144 outsize=1144 ok=1
Cmd: compileSnippet
  api=0 type=0 insize=5301 outsize=329 kw= ok=1
Cmd: compileSnippet
  api=0 type=1 insize=5301 outsize=3018 kw= ok=1
Cmd: preprocess
  insize=6148 outsize=1144 ok=1
Cmd: compileSnippet
  api=0 type=0 insize=5305 outsize=329 kw= ok=1
Cmd: compileSnippet
  api=0 type=1 insize=5305 outsize=2775 kw= ok=1
